#
# There is insufficient memory for the Java Runtime Environment to continue.
# Native memory allocation (mmap) failed to map 134217728 bytes for Failed to commit area from 0x00000000d1200000 to 0x00000000d9200000 of length 134217728.
# Possible reasons:
#   The system is out of physical RAM or swap space
#   The process is running with CompressedOops enabled, and the Java Heap may be blocking the growth of the native heap
# Possible solutions:
#   Reduce memory load on the system
#   Increase physical memory or swap space
#   Check if swap backing store is full
#   Decrease Java heap size (-Xmx/-Xms)
#   Decrease number of Java threads
#   Decrease Java thread stack sizes (-Xss)
#   Set larger code cache with -XX:ReservedCodeCacheSize=
# This output file may be truncated or incomplete.
#
#  Out of Memory Error (./src/hotspot/os/windows/os_windows.cpp:3619), pid=13252, tid=5716
#
# JRE version:  (11.0.13+7) (build )
# Java VM: OpenJDK 64-Bit Server VM (11.0.13+7-b1751.25, mixed mode, sharing, tiered, compressed oops, g1 gc, windows-amd64)
# No core dump will be written. Minidumps are not enabled by default on client versions of Windows
#

---------------  S U M M A R Y ------------

Command Line: -Djava.rmi.server.hostname=127.0.0.1 -Duser.timezone=UTC -Xmx750m -Xms128m -Dfile.encoding=UTF-8 com.intellij.database.remote.RemoteJdbcServer com.mysql.cj.jdbc.Driver

Host: AMD Ryzen 5 4500U with Radeon Graphics         , 6 cores, 7G,  Windows 10 , 64 bit Build 19041 (10.0.19041.2913)
Time: Mon Jun  5 16:26:16 2023 中国标准时间 elapsed time: 0.011924 seconds (0d 0h 0m 0s)

---------------  T H R E A D  ---------------

Current thread (0x000001774fe5c800):  JavaThread "Unknown thread" [_thread_in_vm, id=5716, stack(0x000000564ad00000,0x000000564ae00000)]

Stack: [0x000000564ad00000,0x000000564ae00000]
Native frames: (J=compiled Java code, j=interpreted, Vv=VM code, C=native code)
V  [jvm.dll+0x613daa]
V  [jvm.dll+0x799b30]
V  [jvm.dll+0x79b14d]
V  [jvm.dll+0x79b823]
V  [jvm.dll+0x24c958]
V  [jvm.dll+0x610e24]
V  [jvm.dll+0x605b25]
V  [jvm.dll+0x30aaab]
V  [jvm.dll+0x30aa1a]
V  [jvm.dll+0x30a8f2]
V  [jvm.dll+0x30f856]
V  [jvm.dll+0x359143]
V  [jvm.dll+0x359846]
V  [jvm.dll+0x359243]
V  [jvm.dll+0x2e57a8]
V  [jvm.dll+0x2e6947]
V  [jvm.dll+0x776d47]
V  [jvm.dll+0x77853c]
V  [jvm.dll+0x3666c9]
V  [jvm.dll+0x75a9ce]
V  [jvm.dll+0x3d47d3]
V  [jvm.dll+0x3d6d21]
C  [jli.dll+0x536b]
C  [ucrtbase.dll+0x21bb2]
C  [KERNEL32.DLL+0x17614]
C  [ntdll.dll+0x526a1]


---------------  P R O C E S S  ---------------

Threads class SMR info:
_java_thread_list=0x000001774e3708a0, length=0, elements={
}

Java Threads: ( => current thread )

Other Threads:
  0x000001774fe76800 GCTaskThread "GC Thread#0" [stack: 0x000000564ae00000,0x000000564af00000] [id=12116]
  0x000001774fe8c800 ConcurrentGCThread "G1 Main Marker" [stack: 0x000000564af00000,0x000000564b000000] [id=2040]
  0x000001774fe8d800 ConcurrentGCThread "G1 Conc#0" [stack: 0x000000564b000000,0x000000564b100000] [id=9892]

[error occurred during error reporting (printing all threads), id 0xc0000005, EXCEPTION_ACCESS_VIOLATION (0xc0000005) at pc=0x00007ff80ea05c97]

VM state:not at safepoint (not fully initialized)

VM Mutex/Monitor currently owned by a thread:  ([mutex/lock_event])
[0x000001774fe59be0] Heap_lock - owner thread: 0x000001774fe5c800

Heap address: 0x00000000d1200000, size: 750 MB, Compressed Oops mode: Non-zero based: 0x00000000d1200000
Narrow klass base: 0x0000000000000000, Narrow klass shift: 0

GC Heap History (0 events):
No events

Deoptimization events (0 events):
No events

Classes redefined (0 events):
No events

Internal exceptions (0 events):
No events

Events (1 events):
Event: 0.007 Loaded shared library F:\JetBrains2\IntelliJ IDEA 2021.3.2\jbr\bin\zip.dll


Dynamic libraries:
0x00007ff7c7150000 - 0x00007ff7c715a000 	F:\JetBrains2\IntelliJ IDEA 2021.3.2\jbr\bin\java.exe
0x00007ff87a910000 - 0x00007ff87ab08000 	C:\WINDOWS\SYSTEM32\ntdll.dll
0x00007ff879ab0000 - 0x00007ff879b6f000 	C:\WINDOWS\System32\KERNEL32.DLL
0x00007ff8781f0000 - 0x00007ff8784e6000 	C:\WINDOWS\System32\KERNELBASE.dll
0x00007ff877ff0000 - 0x00007ff8780f0000 	C:\WINDOWS\System32\ucrtbase.dll
0x00007ff85b5e0000 - 0x00007ff85b5f7000 	F:\JetBrains2\IntelliJ IDEA 2021.3.2\jbr\bin\VCRUNTIME140.dll
0x00007ff85aaf0000 - 0x00007ff85ab09000 	F:\JetBrains2\IntelliJ IDEA 2021.3.2\jbr\bin\jli.dll
0x00007ff879910000 - 0x00007ff879aad000 	C:\WINDOWS\System32\USER32.dll
0x00007ff878840000 - 0x00007ff878862000 	C:\WINDOWS\System32\win32u.dll
0x00007ff85bac0000 - 0x00007ff85bd5a000 	C:\WINDOWS\WinSxS\amd64_microsoft.windows.common-controls_6595b64144ccf1df_6.0.19041.1110_none_60b5254171f9507e\COMCTL32.dll
0x00007ff878df0000 - 0x00007ff878e1c000 	C:\WINDOWS\System32\GDI32.dll
0x00007ff878720000 - 0x00007ff878835000 	C:\WINDOWS\System32\gdi32full.dll
0x00007ff87a140000 - 0x00007ff87a1de000 	C:\WINDOWS\System32\msvcrt.dll
0x00007ff878680000 - 0x00007ff87871d000 	C:\WINDOWS\System32\msvcp_win.dll
0x00007ff8798e0000 - 0x00007ff879910000 	C:\WINDOWS\System32\IMM32.DLL
0x00007ff8438e0000 - 0x00007ff84397d000 	F:\JetBrains2\IntelliJ IDEA 2021.3.2\jbr\bin\msvcp140.dll
0x00007ff80e710000 - 0x00007ff80f286000 	F:\JetBrains2\IntelliJ IDEA 2021.3.2\jbr\bin\server\jvm.dll
0x00007ff87a1e0000 - 0x00007ff87a28f000 	C:\WINDOWS\System32\ADVAPI32.dll
0x00007ff87a340000 - 0x00007ff87a3dc000 	C:\WINDOWS\System32\sechost.dll
0x00007ff87a010000 - 0x00007ff87a136000 	C:\WINDOWS\System32\RPCRT4.dll
0x00007ff8798d0000 - 0x00007ff8798d8000 	C:\WINDOWS\System32\PSAPI.DLL
0x00007ff86e990000 - 0x00007ff86e99a000 	C:\WINDOWS\SYSTEM32\VERSION.dll
0x00007ff8597c0000 - 0x00007ff8597c9000 	C:\WINDOWS\SYSTEM32\WSOCK32.dll
0x00007ff86e960000 - 0x00007ff86e987000 	C:\WINDOWS\SYSTEM32\WINMM.dll
0x00007ff87a860000 - 0x00007ff87a8cb000 	C:\WINDOWS\System32\WS2_32.dll
0x00007ff876890000 - 0x00007ff8768a2000 	C:\WINDOWS\SYSTEM32\kernel.appcore.dll
0x00007ff85e1c0000 - 0x00007ff85e1d1000 	F:\JetBrains2\IntelliJ IDEA 2021.3.2\jbr\bin\verify.dll
0x00007ff876620000 - 0x00007ff876804000 	C:\WINDOWS\SYSTEM32\DBGHELP.DLL
0x00007ff862aa0000 - 0x00007ff862ad4000 	C:\WINDOWS\SYSTEM32\dbgcore.DLL
0x00007ff878160000 - 0x00007ff8781e2000 	C:\WINDOWS\System32\bcryptPrimitives.dll
0x00007ff85e190000 - 0x00007ff85e1b9000 	F:\JetBrains2\IntelliJ IDEA 2021.3.2\jbr\bin\java.dll
0x00007ff862370000 - 0x00007ff86237b000 	F:\JetBrains2\IntelliJ IDEA 2021.3.2\jbr\bin\jimage.dll
0x00007ff85e170000 - 0x00007ff85e188000 	F:\JetBrains2\IntelliJ IDEA 2021.3.2\jbr\bin\zip.dll

dbghelp: loaded successfully - version: 4.0.5 - missing functions: none
symbol engine: initialized successfully - sym options: 0x614 - pdb path: .;F:\JetBrains2\IntelliJ IDEA 2021.3.2\jbr\bin;C:\WINDOWS\SYSTEM32;C:\WINDOWS\WinSxS\amd64_microsoft.windows.common-controls_6595b64144ccf1df_6.0.19041.1110_none_60b5254171f9507e;F:\JetBrains2\IntelliJ IDEA 2021.3.2\jbr\bin\server

VM Arguments:
jvm_args: -Djava.rmi.server.hostname=127.0.0.1 -Duser.timezone=UTC -Xmx750m -Xms128m -Dfile.encoding=UTF-8 
java_command: com.intellij.database.remote.RemoteJdbcServer com.mysql.cj.jdbc.Driver
java_class_path (initial): F:\JetBrains2\IntelliJ IDEA 2021.3.2\lib\util.jar;F:\JetBrains2\IntelliJ IDEA 2021.3.2\lib\org_codehaus_groovy_groovy.jar;F:\JetBrains2\IntelliJ IDEA 2021.3.2\plugins\DatabaseTools\lib\jdbc-console.jar;C:\Users\hp\AppData\Roaming\JetBrains\IntelliJIdea2021.3\jdbc-drivers\MySQL ConnectorJ\8.0.25\mysql-connector-java-8.0.25.jar
Launcher Type: SUN_STANDARD

[Global flags]
     intx CICompilerCount                          = 3                                         {product} {ergonomic}
     uint ConcGCThreads                            = 2                                         {product} {ergonomic}
     uint G1ConcRefinementThreads                  = 6                                         {product} {ergonomic}
   size_t G1HeapRegionSize                         = 1048576                                   {product} {ergonomic}
    uintx GCDrainStackTargetSize                   = 64                                        {product} {ergonomic}
   size_t InitialHeapSize                          = 134217728                                 {product} {command line}
   size_t MarkStackSize                            = 4194304                                   {product} {ergonomic}
   size_t MaxHeapSize                              = 786432000                                 {product} {command line}
   size_t MinHeapDeltaBytes                        = 1048576                                   {product} {ergonomic}
    uintx NonNMethodCodeHeapSize                   = 5830732                                {pd product} {ergonomic}
    uintx NonProfiledCodeHeapSize                  = 122913754                              {pd product} {ergonomic}
    uintx ProfiledCodeHeapSize                     = 122913754                              {pd product} {ergonomic}
    uintx ReservedCodeCacheSize                    = 251658240                              {pd product} {ergonomic}
     bool SegmentedCodeCache                       = true                                      {product} {ergonomic}
     bool UseCompressedClassPointers               = true                                 {lp64_product} {ergonomic}
     bool UseCompressedOops                        = true                                 {lp64_product} {ergonomic}
     bool UseG1GC                                  = true                                      {product} {ergonomic}
     bool UseLargePagesIndividualAllocation        = false                                  {pd product} {ergonomic}

Logging:
Log output configuration:
 #0: stdout all=warning uptime,level,tags
 #1: stderr all=off uptime,level,tags

Environment Variables:
JAVA_HOME=F:\JDKfiles\Jdk
CLASSPATH=.;F:\JDKfiles\Jdk\lib;F:\JDKfiles\Jdk\lib\tools.jar;D:\apache-jmeter-5.5\apache-jmeter-5.5\lib\ext\ApacheJMeter_core.jar;D:\apache-jmeter-5.5\apache-jmeter-5.5\lib\jorphan.jar;
PATH=F:\JDKfiles\Jdk\bin;F:\JDKfiles\Jdk\jre\bin;F:\JetBrains2\IntelliJ IDEA 2021.3.2\plugins\maven\lib\maven3\bin;C:\WINDOWS\system32;C:\WINDOWS;C:\WINDOWS\System32\Wbem;C:\WINDOWS\System32\WindowsPowerShell\v1.0\;C:\WINDOWS\System32\OpenSSH\;E:\jdk1.8_0.131\bin;E:\Web_Project\mysql-8.0.23;E:\jdk1.8_0.131\jre\bin;F:\TOMCAT\apache-tomcat-8.5.64\lib;F:\TOMCAT\apache-tomcat-8.5.64\bin;".;E:\jdk1.8_0.131\lib;E:\jdk1.8_0.131\lib\tools.jar";C:\Program Files\Common Files\Oracle\Java\javapath;C:\Program Files (x86)\Common Files\Oracle\Java\javapath;F:\GithubRecord\Git\cmd;E:\Download\Bandizip\;F:\Android\Sdk\tools;F:\Android\Sdk\platform-tools;C:\Program Files\nodejs\nvm;C:\Program Files\nodejs;C:\Program Files\nodejs\nvm\v12.17.0;F:\Android\Sdk\emulator;F:\Android\Sdk\tools\bin;C:\Program Files\nodejs\;F:\Android\Cplus;F:\Android\calculate\myms\mingw64\bin;C:\Program Files\dotnet\;F:\Android\studio1\AndroidAVD;F:\JDK17\bin;E:\XShell\;D:\apache-jmeter-5.5\apache-jmeter-5.5\bin;C:\Users\hp\AppData\Local\Microsoft\WindowsApps;F:\Android\Sdk\platform-tools;F:\Android\Sdk\tools;C:\Program Files\nodejs\nvm;C:\Program Files\nodejs;C:\Program Files\nodejs\nvm\v12.17.0;C:\Users\hp\AppData\Roaming\npm;C:\Users\hp\.dotnet\tools;E:\VS\Microsoft VS Code\bin;
USERNAME=hp
OS=Windows_NT
PROCESSOR_IDENTIFIER=AMD64 Family 23 Model 96 Stepping 1, AuthenticAMD



---------------  S Y S T E M  ---------------

OS: Windows 10 , 64 bit Build 19041 (10.0.19041.2913)
OS uptime: 0 days 2:30 hours

CPU:total 6 (initial active 6) (6 cores per cpu, 1 threads per core) family 23 model 96 stepping 1 microcode 0x0, cmov, cx8, fxsr, mmx, sse, sse2, sse3, ssse3, sse4.1, sse4.2, popcnt, avx, avx2, aes, clmul, mmxext, 3dnowpref, lzcnt, sse4a, tsc, tscinvbit, tscinv, bmi1, bmi2, adx, sha, fma

Memory: 4k page, system-wide physical 7581M (1214M free)
TotalPageFile size 9629M (AvailPageFile size 100M)
current process WorkingSet (physical memory assigned to process): 10M, peak: 10M
current process commit charge ("private bytes"): 55M, peak: 183M

vm_info: OpenJDK 64-Bit Server VM (11.0.13+7-b1751.25) for windows-amd64 JRE (11.0.13+7-b1751.25), built on Jan 13 2022 20:47:27 by "" with MS VC++ 14.0 (VS2015)

END.
