#
# There is insufficient memory for the Java Runtime Environment to continue.
# Native memory allocation (malloc) failed to allocate 1048576 bytes for AllocateHeap
# Possible reasons:
#   The system is out of physical RAM or swap space
#   In 32 bit mode, the process size limit was hit
# Possible solutions:
#   Reduce memory load on the system
#   Increase physical memory or swap space
#   Check if swap backing store is full
#   Use 64 bit Java on a 64 bit OS
#   Decrease Java heap size (-Xmx/-Xms)
#   Decrease number of Java threads
#   Decrease Java thread stack sizes (-Xss)
#   Set larger code cache with -XX:ReservedCodeCacheSize=
# This output file may be truncated or incomplete.
#
#  Out of Memory Error (memory/allocation.inline.hpp:61), pid=2752, tid=0x0000000000000678
#
# JRE version:  (8.0_131-b11) (build )
# Java VM: Java HotSpot(TM) 64-Bit Server VM (25.131-b11 mixed mode windows-amd64 compressed oops)
# Failed to write core dump. Minidumps are not enabled by default on client versions of Windows
#

---------------  T H R E A D  ---------------

Current thread (0x00000000032dd800):  JavaThread "Unknown thread" [_thread_in_vm, id=1656, stack(0x0000000003150000,0x0000000003250000)]

Stack: [0x0000000003150000,0x0000000003250000]
[error occurred during error reporting (printing stack bounds), id 0xc0000005]

Native frames: (J=compiled Java code, j=interpreted, Vv=VM code, C=native code)


---------------  P R O C E S S  ---------------

Java Threads: ( => current thread )

Other Threads:

=>0x00000000032dd800 (exited) JavaThread "Unknown thread" [_thread_in_vm, id=1656, stack(0x0000000003150000,0x0000000003250000)]

VM state:not at safepoint (normal execution)

VM Mutex/Monitor currently owned by a thread: None

Heap:
 PSYoungGen      total 35840K, used 614K [0x00000000d8800000, 0x00000000db000000, 0x0000000100000000)
  eden space 30720K, 2% used [0x00000000d8800000,0x00000000d88999a8,0x00000000da600000)
  from space 5120K, 0% used [0x00000000dab00000,0x00000000dab00000,0x00000000db000000)
  to   space 5120K, 0% used [0x00000000da600000,0x00000000da600000,0x00000000dab00000)
 ParOldGen       total 81920K, used 0K [0x0000000089800000, 0x000000008e800000, 0x00000000d8800000)
  object space 81920K, 0% used [0x0000000089800000,0x0000000089800000,0x000000008e800000)
 Metaspace       used 770K, capacity 4480K, committed 4480K, reserved 1056768K
  class space    used 75K, capacity 384K, committed 384K, reserved 1048576K

Card table byte_map: [0x00000000127a0000,0x0000000012b60000] byte_map_base: 0x0000000012354000

Marking Bits: (ParMarkBitMap*) 0x000000005f93c720
 Begin Bits: [0x00000000133e0000, 0x0000000015180000)
 End Bits:   [0x0000000015180000, 0x0000000016f20000)

Polling page: 0x0000000000f30000

CodeCache: size=245760Kb used=327Kb max_used=327Kb free=245432Kb
 bounds [0x00000000033e0000, 0x0000000003650000, 0x00000000123e0000]
 total_blobs=57 nmethods=0 adapters=38
 compilation: enabled

Compilation events (0 events):
No events

GC Heap History (0 events):
No events

Deoptimization events (0 events):
No events

Internal exceptions (0 events):
No events

Events (10 events):
Event: 0.021 loading class java/lang/Short
Event: 0.021 loading class java/lang/Short done
Event: 0.021 loading class java/lang/Integer
Event: 0.021 loading class java/lang/Integer done
Event: 0.021 loading class java/lang/Long
Event: 0.021 loading class java/lang/Long done
Event: 0.022 loading class java/lang/NullPointerException
Event: 0.022 loading class java/lang/NullPointerException done
Event: 0.022 loading class java/lang/ArithmeticException
Event: 0.022 loading class java/lang/ArithmeticException done


Dynamic libraries:
0x00007ff757950000 - 0x00007ff757987000 	E:\jdk1.8_0.131\jre\bin\java.exe
0x00007ffaba050000 - 0x00007ffaba248000 	C:\WINDOWS\SYSTEM32\ntdll.dll
0x00007ffab9680000 - 0x00007ffab973f000 	C:\WINDOWS\System32\KERNEL32.DLL
0x00007ffab7730000 - 0x00007ffab7a26000 	C:\WINDOWS\System32\KERNELBASE.dll
0x00007ffab9460000 - 0x00007ffab950f000 	C:\WINDOWS\System32\ADVAPI32.dll
0x00007ffab9260000 - 0x00007ffab92fe000 	C:\WINDOWS\System32\msvcrt.dll
0x00007ffab9090000 - 0x00007ffab912c000 	C:\WINDOWS\System32\sechost.dll
0x00007ffab9130000 - 0x00007ffab9256000 	C:\WINDOWS\System32\RPCRT4.dll
0x00007ffab8700000 - 0x00007ffab889d000 	C:\WINDOWS\System32\USER32.dll
0x00007ffab7bc0000 - 0x00007ffab7be2000 	C:\WINDOWS\System32\win32u.dll
0x00007ffab88a0000 - 0x00007ffab88cc000 	C:\WINDOWS\System32\GDI32.dll
0x00007ffab7e30000 - 0x00007ffab7f45000 	C:\WINDOWS\System32\gdi32full.dll
0x00007ffab7c60000 - 0x00007ffab7cfd000 	C:\WINDOWS\System32\msvcp_win.dll
0x00007ffab7d30000 - 0x00007ffab7e30000 	C:\WINDOWS\System32\ucrtbase.dll
0x00007ffa9b0a0000 - 0x00007ffa9b33a000 	C:\WINDOWS\WinSxS\amd64_microsoft.windows.common-controls_6595b64144ccf1df_6.0.19041.1110_none_60b5254171f9507e\COMCTL32.dll
0x00007ffab9300000 - 0x00007ffab9330000 	C:\WINDOWS\System32\IMM32.DLL
0x000000005f9c0000 - 0x000000005fa92000 	E:\jdk1.8_0.131\jre\bin\msvcr100.dll
0x000000005f120000 - 0x000000005f9bc000 	E:\jdk1.8_0.131\jre\bin\server\jvm.dll
0x00007ffab86d0000 - 0x00007ffab86d8000 	C:\WINDOWS\System32\PSAPI.DLL
0x00007ffaad7e0000 - 0x00007ffaad807000 	C:\WINDOWS\SYSTEM32\WINMM.dll
0x00007ffa94760000 - 0x00007ffa94769000 	C:\WINDOWS\SYSTEM32\WSOCK32.dll
0x00007ffaae6e0000 - 0x00007ffaae6ea000 	C:\WINDOWS\SYSTEM32\VERSION.dll
0x00007ffab9740000 - 0x00007ffab97ab000 	C:\WINDOWS\System32\WS2_32.dll
0x000000005f110000 - 0x000000005f11f000 	E:\jdk1.8_0.131\jre\bin\verify.dll
0x000000005f0e0000 - 0x000000005f109000 	E:\jdk1.8_0.131\jre\bin\java.dll
0x000000005f090000 - 0x000000005f0a6000 	E:\jdk1.8_0.131\jre\bin\zip.dll

VM Arguments:
java_command: C:\Users\hp\A\surefire2226024411100380685\surefirebooter5103417610863789664.jar C:\Users\hp\A\surefire2226024411100380685 2023-06-06T21-28-36_590-jvmRun1 surefire6044568489575231516tmp surefire_07918367036582616327tmp
java_class_path (initial): C:\Users\hp\A\surefire2226024411100380685\surefirebooter5103417610863789664.jar
Launcher Type: SUN_STANDARD

Environment Variables:
JAVA_HOME=F:\JDKfiles\Jdk
CLASSPATH=.;F:\JDKfiles\Jdk\lib;F:\JDKfiles\Jdk\lib\tools.jar;D:\apache-jmeter-5.5\apache-jmeter-5.5\lib\ext\ApacheJMeter_core.jar;D:\apache-jmeter-5.5\apache-jmeter-5.5\lib\jorphan.jar;
PATH=F:\JDKfiles\Jdk\bin;F:\JDKfiles\Jdk\jre\bin;F:\JetBrains2\IntelliJ IDEA 2021.3.2\plugins\maven\lib\maven3\bin;C:\WINDOWS\system32;C:\WINDOWS;C:\WINDOWS\System32\Wbem;C:\WINDOWS\System32\WindowsPowerShell\v1.0\;C:\WINDOWS\System32\OpenSSH\;E:\jdk1.8_0.131\bin;E:\Web_Project\mysql-8.0.23;E:\jdk1.8_0.131\jre\bin;F:\TOMCAT\apache-tomcat-8.5.64\lib;F:\TOMCAT\apache-tomcat-8.5.64\bin;".;E:\jdk1.8_0.131\lib;E:\jdk1.8_0.131\lib\tools.jar";C:\Program Files\Common Files\Oracle\Java\javapath;C:\Program Files (x86)\Common Files\Oracle\Java\javapath;F:\GithubRecord\Git\cmd;E:\Download\Bandizip\;F:\Android\Sdk\tools;F:\Android\Sdk\platform-tools;C:\Program Files\nodejs\nvm;C:\Program Files\nodejs;C:\Program Files\nodejs\nvm\v12.17.0;F:\Android\Sdk\emulator;F:\Android\Sdk\tools\bin;C:\Program Files\nodejs\;F:\Android\Cplus;F:\Android\calculate\myms\mingw64\bin;C:\Program Files\dotnet\;F:\Android\studio1\AndroidAVD;F:\JDK17\bin;E:\XShell\;D:\apache-jmeter-5.5\apache-jmeter-5.5\bin;C:\Users\hp\AppData\Local\Microsoft\WindowsApps;F:\Android\Sdk\platform-tools;F:\Android\Sdk\tools;C:\Program Files\nodejs\nvm;C:\Program Files\nodejs;C:\Program Files\nodejs\nvm\v12.17.0;C:\Users\hp\AppData\Roaming\npm;C:\Users\hp\.dotnet\tools;E:\VS\Microsoft VS Code\bin;
USERNAME=hp
OS=Windows_NT
PROCESSOR_IDENTIFIER=AMD64 Family 23 Model 96 Stepping 1, AuthenticAMD



---------------  S Y S T E M  ---------------

OS: Windows 10.0 , 64 bit Build 19041 (10.0.19041.2913)

CPU:total 6 (initial active 6) (6 cores per cpu, 1 threads per core) family 23 model 96 stepping 1, cmov, cx8, fxsr, mmx, sse, sse2, sse3, ssse3, sse4.1, sse4.2, popcnt, avx, avx2, aes, clmul, mmxext, 3dnowpref, lzcnt, sse4a, tsc, tscinvbit, tscinv, bmi1

Memory: 4k page, physical 7763256k(710728k free), swap 9860408k(5904k free)

vm_info: Java HotSpot(TM) 64-Bit Server VM (25.131-b11) for windows-amd64 JRE (1.8.0_131-b11), built on Mar 15 2017 01:23:53 by "java_re" with MS VC++ 10.0 (VS2010)

time: Tue Jun 06 21:28:36 2023
elapsed time: 0 seconds (0d 0h 0m 0s)

